[04:52:59] [main/INFO] (FabricLoader/GameProvider) Loading Minecraft 1.19 with Fabric Loader 0.14.8
[04:52:59] [main/INFO] (FabricLoader) Loading 43 mods:
	- comicsansg-stuff 1.0.0
	- fabric 0.58.0+1.19
	- fabric-api-base 0.4.9+e62f51a3a9
	- fabric-api-lookup-api-v1 1.6.7+9ff28f40a9
	- fabric-biome-api-v1 9.0.14+b2a4a624a9
	- fabric-blockrenderlayer-v1 1.1.18+9ff28f40a9
	- fabric-command-api-v2 2.1.2+0d55f585a9
	- fabric-content-registries-v0 3.2.1+07df213ea9
	- fabric-convention-tags-v1 1.0.8+37622d24a9
	- fabric-crash-report-info-v1 0.2.3+bd0a0d4aa9
	- fabric-data-generation-api-v1 5.1.2+a680b9b4a9
	- fabric-dimensions-v1 2.1.28+a6d2f785a9
	- fabric-entity-events-v1 1.4.16+9ff28f40a9
	- fabric-events-interaction-v0 0.4.26+9ff28f40a9
	- fabric-game-rule-api-v1 1.0.19+18990361a9
	- fabric-gametest-api-v1 1.0.33+e62f51a3a9
	- fabric-item-api-v1 1.5.5+35a03c43a9
	- fabric-item-groups-v0 0.3.26+9ff28f40a9
	- fabric-key-binding-api-v1 1.0.18+9ff28f40a9
	- fabric-lifecycle-events-v1 2.1.0+33fbc738a9
	- fabric-loot-api-v2 1.1.1+03a4e568a9
	- fabric-message-api-v1 1.0.1+513f4a59a9
	- fabric-mining-level-api-v1 2.1.11+33fbc738a9
	- fabric-models-v0 0.3.15+9ff28f40a9
	- fabric-networking-api-v1 1.1.0+442de8b8a9
	- fabric-object-builder-api-v1 4.0.8+9ff28f40a9
	- fabric-particles-v1 1.0.8+dc39553aa9
	- fabric-registry-sync-v0 0.9.18+23c4cfefa9
	- fabric-renderer-api-v1 1.0.8+9ff28f40a9
	- fabric-renderer-indigo 0.6.10+5187d39fa9
	- fabric-rendering-data-attachment-v1 0.3.12+9ff28f40a9
	- fabric-rendering-fluids-v1 3.0.5+9ff28f40a9
	- fabric-rendering-v1 1.10.14+9ff28f40a9
	- fabric-resource-conditions-api-v1 2.0.9+e62f51a3a9
	- fabric-resource-loader-v0 0.5.6+5f1a85e0a9
	- fabric-screen-api-v1 1.0.24+f05effafa9
	- fabric-screen-handler-api-v1 1.2.7+9ff28f40a9
	- fabric-textures-v0 1.0.18+9ff28f40a9
	- fabric-transfer-api-v1 2.0.9+e62f51a3a9
	- fabric-transitive-access-wideners-v1 1.1.1+9e7660c6a9
	- fabricloader 0.14.8
	- java 17
	- minecraft 1.19
[04:53:00] [main/INFO] (FabricLoader/Mixin) SpongePowered MIXIN Subsystem Version=0.8.5 Source=file:/home/ben1701a/.gradle/caches/modules-2/files-2.1/net.fabricmc/sponge-mixin/0.11.4+mixin.0.8.5/c1dc27696aa4006e492c2485c9ccbcb26045a971/sponge-mixin-0.11.4+mixin.0.8.5.jar Service=Knot/Fabric Env=CLIENT
[04:53:00] [main/INFO] (FabricLoader/Mixin) Loaded Fabric development mappings for mixin remapper!
[04:53:01] [main/INFO] (FabricLoader/Mixin) Compatibility level set to JAVA_16
[04:53:03] [main/WARN] (FileUtil) Configuration conflict: there is more than one oshi.properties file on the classpath
[04:53:03] [main/WARN] (FileUtil) Configuration conflict: there is more than one oshi.architecture.properties file on the classpath
[04:53:11] [main/INFO] (Minecraft) Building optimized datafixer
[04:53:19] [Render thread/INFO] (Minecraft) Environment: authHost='https://authserver.mojang.com', accountsHost='https://api.mojang.com', sessionHost='https://sessionserver.mojang.com', servicesHost='https://api.minecraftservices.com', name='PROD'
[04:53:21] [Render thread/ERROR] (fabric-screen-api-v1) Failed to verify authentication
com.mojang.authlib.exceptions.InvalidCredentialsException: Status: 401
	at com.mojang.authlib.exceptions.MinecraftClientHttpException.toAuthenticationException(MinecraftClientHttpException.java:56) ~[authlib-3.5.41.jar:?]
	at com.mojang.authlib.yggdrasil.YggdrasilUserApiService.fetchProperties(YggdrasilUserApiService.java:140) ~[authlib-3.5.41.jar:?]
	at com.mojang.authlib.yggdrasil.YggdrasilUserApiService.<init>(YggdrasilUserApiService.java:47) ~[authlib-3.5.41.jar:?]
	at com.mojang.authlib.yggdrasil.YggdrasilAuthenticationService.createUserApiService(YggdrasilAuthenticationService.java:158) ~[authlib-3.5.41.jar:?]
	at net.minecraft.client.MinecraftClient.createUserApiService(MinecraftClient.java:673) [minecraft-project-@-merged-named.jar:?]
	at net.minecraft.client.MinecraftClient.<init>(MinecraftClient.java:489) [minecraft-project-@-merged-named.jar:?]
	at net.minecraft.client.main.Main.main(Main.java:179) [minecraft-project-@-merged-named.jar:?]
	at net.fabricmc.loader.impl.game.minecraft.MinecraftGameProvider.launch(MinecraftGameProvider.java:461) [fabric-loader-0.14.8.jar:?]
	at net.fabricmc.loader.impl.launch.knot.Knot.launch(Knot.java:74) [fabric-loader-0.14.8.jar:?]
	at net.fabricmc.loader.impl.launch.knot.KnotClient.main(KnotClient.java:23) [fabric-loader-0.14.8.jar:?]
	at net.fabricmc.devlaunchinjector.Main.main(Main.java:86) [dev-launch-injector-0.2.1+build.8.jar:?]
Caused by: com.mojang.authlib.exceptions.MinecraftClientHttpException: Status: 401
	at com.mojang.authlib.minecraft.client.MinecraftClient.readInputStream(MinecraftClient.java:85) ~[authlib-3.5.41.jar:?]
	at com.mojang.authlib.minecraft.client.MinecraftClient.get(MinecraftClient.java:48) ~[authlib-3.5.41.jar:?]
	at com.mojang.authlib.yggdrasil.YggdrasilUserApiService.fetchProperties(YggdrasilUserApiService.java:121) ~[authlib-3.5.41.jar:?]
	... 9 more
[04:53:21] [Render thread/INFO] (fabric-screen-api-v1) Setting user: Player602
[04:53:22] [Render thread/INFO] (Indigo) [Indigo] Registering Indigo renderer!
[04:53:22] [Render thread/INFO] (fabric-screen-api-v1) Backend library: LWJGL version 3.3.1 SNAPSHOT
[04:53:27] [Render thread/WARN] (Minecraft) ERROR : Couldn't load Narrator library
java.lang.UnsatisfiedLinkError: libflite.so.1: cannot open shared object file: No such file or directory
	at com.sun.jna.Native.open(Native Method) ~[jna-5.10.0.jar:?]
	at com.sun.jna.NativeLibrary.loadLibrary(NativeLibrary.java:277) ~[jna-5.10.0.jar:?]
	at com.sun.jna.NativeLibrary.getInstance(NativeLibrary.java:461) ~[jna-5.10.0.jar:?]
	at com.sun.jna.NativeLibrary.getInstance(NativeLibrary.java:403) ~[jna-5.10.0.jar:?]
	at com.mojang.text2speech.NarratorLinux.<clinit>(NarratorLinux.java:18) [text2speech-1.13.9.jar:?]
	at com.mojang.text2speech.Narrator.getNarrator(Narrator.java:21) [text2speech-1.13.9.jar:?]
	at net.minecraft.client.util.NarratorManager.<init>(NarratorManager.java:33) [minecraft-project-@-merged-named.jar:?]
	at net.minecraft.client.util.NarratorManager.<clinit>(NarratorManager.java:33) [minecraft-project-@-merged-named.jar:?]
	at net.minecraft.client.gui.hud.InGameHud.<init>(InGameHud.java:161) [minecraft-project-@-merged-named.jar:?]
	at net.minecraft.client.MinecraftClient.<init>(MinecraftClient.java:598) [minecraft-project-@-merged-named.jar:?]
	at net.minecraft.client.main.Main.main(Main.java:179) [minecraft-project-@-merged-named.jar:?]
	at net.fabricmc.loader.impl.game.minecraft.MinecraftGameProvider.launch(MinecraftGameProvider.java:461) [fabric-loader-0.14.8.jar:?]
	at net.fabricmc.loader.impl.launch.knot.Knot.launch(Knot.java:74) [fabric-loader-0.14.8.jar:?]
	at net.fabricmc.loader.impl.launch.knot.KnotClient.main(KnotClient.java:23) [fabric-loader-0.14.8.jar:?]
	at net.fabricmc.devlaunchinjector.Main.main(Main.java:86) [dev-launch-injector-0.2.1+build.8.jar:?]
[04:53:27] [Worker-Main-4/ERROR] (Minecraft) Failed to retrieve profile key pair
java.io.IOException: Could not retrieve profile key pair
	at net.minecraft.client.util.ProfileKeys.fetchKeyPair(ProfileKeys.java:165) ~[minecraft-project-@-merged-named.jar:?]
	at net.minecraft.client.util.ProfileKeys.method_44291(ProfileKeys.java:68) ~[minecraft-project-@-merged-named.jar:?]
	at java.util.concurrent.CompletableFuture$AsyncSupply.run(CompletableFuture.java:1768) [?:?]
	at java.util.concurrent.CompletableFuture$AsyncSupply.exec(CompletableFuture.java:1760) [?:?]
	at java.util.concurrent.ForkJoinTask.doExec(ForkJoinTask.java:373) [?:?]
	at java.util.concurrent.ForkJoinPool$WorkQueue.topLevelExec(ForkJoinPool.java:1182) [?:?]
	at java.util.concurrent.ForkJoinPool.scan(ForkJoinPool.java:1655) [?:?]
	at java.util.concurrent.ForkJoinPool.runWorker(ForkJoinPool.java:1622) [?:?]
	at java.util.concurrent.ForkJoinWorkerThread.run(ForkJoinWorkerThread.java:165) [?:?]
[04:53:27] [Render thread/INFO] (Minecraft) Reloading ResourceManager: Default, Fabric Mods (Fabric API Lookup API (v1), Fabric Textures (v0), Fabric Transitive Access Wideners (v1), Fabric Data Generation API (v1), Fabric Networking API (v1), Fabric Lifecycle Events (v1), Fabric Item Groups (v0), Fabric Resource Loader (v0), Fabric Loot API (v2), Fabric Crash Report Info (v1), Fabric Screen Handler API (v1), Fabric Item API (v1), Fabric Rendering (v1), comicsansg's stuff., Fabric Screen API (v1), Fabric Registry Sync (v0), Fabric Rendering Data Attachment (v1), Fabric Renderer API (v1), Fabric Renderer - Indigo, Fabric Command API (v2), Fabric API Base, Fabric Resource Conditions API (v1), Fabric Content Registries (v0), Fabric Models (v0), Fabric API, Fabric Loader, Fabric Game Test API (v1), Fabric BlockRenderLayer Registration (v1), Fabric Entity Events (v1), Fabric Game Rule API (v1), Fabric Key Binding API (v1), Fabric Mining Level API (v1), Fabric Object Builder API (v1), Fabric Rendering Fluids (v1), Fabric Biome API (v1), Fabric Message API (v1), Fabric Events Interaction (v0), Fabric Dimensions API (v1), Fabric Particles (v1), Fabric Convention Tags, Fabric Transfer API (v1))
[04:53:28] [Realms Notification Availability checker #1/INFO] (Minecraft) Could not authorize you against Realms server: Invalid session id
[04:53:39] [Render thread/WARN] (Minecraft) Missing sound for event: minecraft:item.goat_horn.play
[04:53:39] [Render thread/WARN] (Minecraft) Missing sound for event: minecraft:entity.goat.screaming.horn_break
[04:53:39] [Render thread/INFO] (Minecraft) OpenAL initialized on device JACK Default
[04:53:39] [Render thread/INFO] (Minecraft) Sound engine started
[04:53:40] [Render thread/INFO] (Minecraft) Created: 1024x1024x4 minecraft:textures/atlas/blocks.png-atlas
[04:53:40] [Render thread/INFO] (Minecraft) Created: 256x128x4 minecraft:textures/atlas/signs.png-atlas
[04:53:40] [Render thread/INFO] (Minecraft) Created: 1024x512x4 minecraft:textures/atlas/banner_patterns.png-atlas
[04:53:40] [Render thread/INFO] (Minecraft) Created: 1024x512x4 minecraft:textures/atlas/shield_patterns.png-atlas
[04:53:40] [Render thread/INFO] (Minecraft) Created: 256x256x4 minecraft:textures/atlas/chest.png-atlas
[04:53:40] [Render thread/INFO] (Minecraft) Created: 512x256x4 minecraft:textures/atlas/beds.png-atlas
[04:53:40] [Render thread/INFO] (Minecraft) Created: 512x256x4 minecraft:textures/atlas/shulker_boxes.png-atlas
[04:53:44] [Render thread/WARN] (Minecraft) Shader rendertype_entity_translucent_emissive could not find sampler named Sampler2 in the specified shader program.
[04:53:44] [Render thread/INFO] (Minecraft) Created: 512x256x0 minecraft:textures/atlas/particles.png-atlas
[04:53:44] [Render thread/INFO] (Minecraft) Created: 256x256x0 minecraft:textures/atlas/paintings.png-atlas
[04:53:44] [Render thread/INFO] (Minecraft) Created: 256x128x0 minecraft:textures/atlas/mob_effects.png-atlas
[04:53:57] [Render thread/INFO] (Minecraft) Loaded 7 recipes
[04:53:59] [Render thread/INFO] (Minecraft) Loaded 1179 advancements
[04:54:03] [Render thread/INFO] (BiomeModificationImpl) Applied 0 biome modifications to 0 of 63 new biomes in 4.209 ms
[04:54:03] [Server thread/INFO] (Minecraft) Starting integrated minecraft server version 1.19
[04:54:03] [Server thread/INFO] (Minecraft) Generating keypair
[04:54:05] [Server thread/INFO] (Minecraft) Preparing start region for dimension minecraft:overworld
[04:54:30] [Render thread/INFO] (Minecraft) Preparing spawn area: 0%
[04:54:30] [Render thread/INFO] (Minecraft) Preparing spawn area: 0%
[04:54:30] [Render thread/INFO] (Minecraft) Preparing spawn area: 0%
[04:54:30] [Render thread/INFO] (Minecraft) Preparing spawn area: 0%
[04:54:30] [Render thread/INFO] (Minecraft) Preparing spawn area: 0%
[04:54:30] [Render thread/INFO] (Minecraft) Preparing spawn area: 0%
[04:54:30] [Render thread/INFO] (Minecraft) Preparing spawn area: 0%
[04:54:30] [Render thread/INFO] (Minecraft) Preparing spawn area: 0%
[04:54:30] [Render thread/INFO] (Minecraft) Preparing spawn area: 0%
[04:54:30] [Render thread/INFO] (Minecraft) Preparing spawn area: 0%
[04:54:30] [Render thread/INFO] (Minecraft) Preparing spawn area: 0%
[04:54:30] [Render thread/INFO] (Minecraft) Preparing spawn area: 0%
[04:54:30] [Render thread/INFO] (Minecraft) Preparing spawn area: 0%
[04:54:30] [Render thread/INFO] (Minecraft) Preparing spawn area: 0%
[04:54:30] [Render thread/INFO] (Minecraft) Preparing spawn area: 0%
[04:54:30] [Render thread/INFO] (Minecraft) Preparing spawn area: 0%
[04:54:30] [Render thread/INFO] (Minecraft) Preparing spawn area: 0%
[04:54:30] [Render thread/INFO] (Minecraft) Preparing spawn area: 0%
[04:54:30] [Render thread/INFO] (Minecraft) Preparing spawn area: 0%
[04:54:30] [Render thread/INFO] (Minecraft) Preparing spawn area: 0%
[04:54:30] [Render thread/INFO] (Minecraft) Preparing spawn area: 0%
[04:54:30] [Render thread/INFO] (Minecraft) Preparing spawn area: 0%
[04:54:30] [Render thread/INFO] (Minecraft) Preparing spawn area: 0%
[04:54:30] [Render thread/INFO] (Minecraft) Preparing spawn area: 0%
[04:54:30] [Render thread/INFO] (Minecraft) Preparing spawn area: 0%
[04:54:30] [Render thread/INFO] (Minecraft) Preparing spawn area: 0%
[04:54:30] [Render thread/INFO] (Minecraft) Preparing spawn area: 0%
[04:54:30] [Render thread/INFO] (Minecraft) Preparing spawn area: 0%
[04:54:30] [Render thread/INFO] (Minecraft) Preparing spawn area: 0%
[04:54:30] [Render thread/INFO] (Minecraft) Preparing spawn area: 0%
[04:54:30] [Render thread/INFO] (Minecraft) Preparing spawn area: 0%
[04:54:30] [Render thread/INFO] (Minecraft) Preparing spawn area: 0%
[04:54:30] [Render thread/INFO] (Minecraft) Preparing spawn area: 0%
[04:54:30] [Render thread/INFO] (Minecraft) Preparing spawn area: 0%
[04:54:30] [Render thread/INFO] (Minecraft) Preparing spawn area: 0%
[04:54:30] [Render thread/INFO] (Minecraft) Preparing spawn area: 0%
[04:54:30] [Render thread/INFO] (Minecraft) Preparing spawn area: 0%
[04:54:30] [Render thread/INFO] (Minecraft) Preparing spawn area: 0%
[04:54:30] [Render thread/INFO] (Minecraft) Preparing spawn area: 0%
[04:54:30] [Render thread/INFO] (Minecraft) Preparing spawn area: 0%
[04:54:30] [Render thread/INFO] (Minecraft) Preparing spawn area: 0%
[04:54:30] [Render thread/INFO] (Minecraft) Preparing spawn area: 0%
[04:54:30] [Render thread/INFO] (Minecraft) Preparing spawn area: 0%
[04:54:30] [Render thread/INFO] (Minecraft) Preparing spawn area: 0%
[04:54:30] [Render thread/INFO] (Minecraft) Preparing spawn area: 0%
[04:54:30] [Render thread/INFO] (Minecraft) Preparing spawn area: 0%
[04:54:30] [Render thread/INFO] (Minecraft) Preparing spawn area: 0%
[04:54:30] [Render thread/INFO] (Minecraft) Preparing spawn area: 0%
[04:54:30] [Render thread/INFO] (Minecraft) Preparing spawn area: 0%
[04:54:30] [Render thread/INFO] (Minecraft) Preparing spawn area: 0%
[04:54:30] [Render thread/INFO] (Minecraft) Preparing spawn area: 0%
[04:54:31] [Render thread/INFO] (Minecraft) Preparing spawn area: 1%
[04:54:31] [Render thread/INFO] (Minecraft) Preparing spawn area: 6%
[04:54:32] [Render thread/INFO] (Minecraft) Preparing spawn area: 9%
[04:54:32] [Render thread/INFO] (Minecraft) Preparing spawn area: 29%
[04:54:33] [Render thread/INFO] (Minecraft) Preparing spawn area: 46%
[04:54:33] [Render thread/INFO] (Minecraft) Preparing spawn area: 57%
[04:54:34] [Render thread/INFO] (Minecraft) Preparing spawn area: 67%
[04:54:34] [Render thread/INFO] (Minecraft) Preparing spawn area: 71%
[04:54:35] [Render thread/INFO] (Minecraft) Preparing spawn area: 80%
[04:54:36] [Render thread/INFO] (Minecraft) Preparing spawn area: 85%
[04:54:36] [Render thread/INFO] (Minecraft) Preparing spawn area: 89%
[04:54:36] [Render thread/INFO] (Minecraft) Preparing spawn area: 94%
[04:54:37] [Render thread/INFO] (Minecraft) Preparing spawn area: 99%
[04:54:37] [Render thread/INFO] (Minecraft) Time elapsed: 31565 ms
[04:54:37] [Server thread/INFO] (Minecraft) Changing view distance to 12, from 10
[04:54:37] [Server thread/INFO] (Minecraft) Changing simulation distance to 12, from 0
[04:54:39] [Server thread/WARN] (Minecraft) Can't keep up! Is the server overloaded? Running 2017ms or 40 ticks behind
[04:54:41] [Server thread/INFO] (Minecraft) Player602[local:E:488f2226] logged in with entity id 207 at (-63.83647959226277, 81.0, 7.780392148653592)
[04:54:41] [Server thread/INFO] (Minecraft) Player602 joined the game
[04:54:51] [Render thread/INFO] (Minecraft) Loaded 0 advancements
[04:54:58] [Server thread/WARN] (Minecraft) Can't keep up! Is the server overloaded? Running 3677ms or 73 ticks behind
[04:55:04] [Server thread/INFO] (Minecraft) [Player602: Teleported Player602 to -63.836480, 91.000000, 7.780392]
[04:55:04] [Render thread/INFO] (Minecraft) [CHAT] Teleported Player602 to -63.836480, 91.000000, 7.780392
[04:55:06] [Server thread/INFO] (Minecraft) [Player602: Teleported Player602 to -63.836480, 91.000000, 7.780392]
[04:55:06] [Render thread/INFO] (Minecraft) [CHAT] Teleported Player602 to -63.836480, 91.000000, 7.780392
[04:55:11] [Server thread/INFO] (Minecraft) [Player602: Teleported Player602 to -63.836480, 85.000000, 7.780392]
[04:55:11] [Render thread/INFO] (Minecraft) [CHAT] Teleported Player602 to -63.836480, 85.000000, 7.780392
[04:55:12] [Server thread/INFO] (Minecraft) [Player602: Teleported Player602 to -63.836480, 85.000000, 7.780392]
[04:55:12] [Render thread/INFO] (Minecraft) [CHAT] Teleported Player602 to -63.836480, 85.000000, 7.780392
[04:55:19] [Server thread/WARN] (Minecraft) Can't keep up! Is the server overloaded? Running 6693ms or 133 ticks behind
[04:55:20] [Server thread/INFO] (Minecraft) [Player602: Gave 1 [Guzzle Juice] to Player602]
[04:55:20] [Render thread/INFO] (Minecraft) [CHAT] Gave 1 [Guzzle Juice] to Player602
[04:55:23] [Render thread/INFO] (Minecraft) Loaded 17 advancements
[04:55:25] [Server thread/INFO] (Minecraft) Saving and pausing game...
[04:55:25] [Server thread/INFO] (Minecraft) Saving chunks for level 'ServerLevel[tst0]'/minecraft:overworld
[04:55:33] [Server thread/INFO] (Minecraft) Saving chunks for level 'ServerLevel[tst0]'/minecraft:the_nether
[04:55:33] [Server thread/INFO] (Minecraft) Saving chunks for level 'ServerLevel[tst0]'/minecraft:the_end
[04:55:43] [Server thread/WARN] (Minecraft) Can't keep up! Is the server overloaded? Running 9112ms or 182 ticks behind
[04:55:45] [Server thread/INFO] (Minecraft) [Player602: Teleported Player602 to -64.358354, 90.000000, 7.328506]
[04:55:45] [Render thread/INFO] (Minecraft) [CHAT] Teleported Player602 to -64.358354, 90.000000, 7.328506
[04:55:46] [Server thread/INFO] (Minecraft) [Player602: Teleported Player602 to -64.358354, 93.406179, 7.328506]
[04:55:46] [Render thread/INFO] (Minecraft) [CHAT] Teleported Player602 to -64.358354, 93.406179, 7.328506
[04:55:50] [Server thread/INFO] (Minecraft) [Player602: Teleported Player602 to -64.358354, 84.000000, 7.328506]
[04:55:50] [Render thread/INFO] (Minecraft) [CHAT] Teleported Player602 to -64.358354, 84.000000, 7.328506
[04:55:51] [Server thread/INFO] (Minecraft) [Player602: Teleported Player602 to -64.358354, 84.000000, 7.328506]
[04:55:51] [Render thread/INFO] (Minecraft) [CHAT] Teleported Player602 to -64.358354, 84.000000, 7.328506
[04:55:52] [Render thread/INFO] (Minecraft) [CHAT] Teleported Player602 to -64.358354, 84.000000, 7.328506
[04:55:52] [Server thread/INFO] (Minecraft) [Player602: Teleported Player602 to -64.358354, 84.000000, 7.328506]
[04:55:55] [Server thread/INFO] (Minecraft) [Player602: Gave 1 [Guzzle Juice] to Player602]
[04:55:55] [Render thread/INFO] (Minecraft) [CHAT] Gave 1 [Guzzle Juice] to Player602
[04:56:11] [Server thread/INFO] (Minecraft) Saving and pausing game...
[04:56:12] [Server thread/INFO] (Minecraft) Saving chunks for level 'ServerLevel[tst0]'/minecraft:overworld
[04:56:12] [Server thread/INFO] (Minecraft) Saving chunks for level 'ServerLevel[tst0]'/minecraft:the_nether
[04:56:12] [Server thread/INFO] (Minecraft) Saving chunks for level 'ServerLevel[tst0]'/minecraft:the_end
[04:56:15] [Server thread/INFO] (Minecraft) Player602 lost connection: Disconnected
[04:56:15] [Server thread/INFO] (Minecraft) Player602 left the game
[04:56:15] [Server thread/INFO] (Minecraft) Stopping singleplayer server as player logged out
[04:56:15] [Server thread/INFO] (Minecraft) Stopping server
[04:56:15] [Server thread/INFO] (Minecraft) Saving players
[04:56:15] [Server thread/INFO] (Minecraft) Saving worlds
[04:56:20] [Server thread/INFO] (Minecraft) Saving chunks for level 'ServerLevel[tst0]'/minecraft:overworld
[04:56:20] [Server thread/INFO] (Minecraft) Saving chunks for level 'ServerLevel[tst0]'/minecraft:the_nether
[04:56:20] [Server thread/INFO] (Minecraft) Saving chunks for level 'ServerLevel[tst0]'/minecraft:the_end
[04:56:20] [Server thread/INFO] (Minecraft) ThreadedAnvilChunkStorage (tst0): All chunks are saved
[04:56:20] [Server thread/INFO] (Minecraft) ThreadedAnvilChunkStorage (DIM-1): All chunks are saved
[04:56:20] [Server thread/INFO] (Minecraft) ThreadedAnvilChunkStorage (DIM1): All chunks are saved
[04:56:20] [Server thread/INFO] (Minecraft) ThreadedAnvilChunkStorage: All dimensions are saved
[04:56:22] [Render thread/INFO] (fabric-screen-api-v1) Stopping!
